<?xml version="1.0" encoding="UTF-8"?>
<!-- Generated by org.testng.reporters.JUnitReportReporter -->
<testsuite hostname="DESKTOP-JJE516S" failures="0" tests="1" name="testCase3" time="2.528" errors="0" timestamp="2022-12-20T13:02:18 IST" skipped="0">
  <testcase classname="testCase3" name="test_Case_3" time="2.528"/>
  <system-out/>
</testsuite> <!-- testCase3 -->
