<?xml version="1.0" encoding="UTF-8"?>
<!-- Generated by org.testng.reporters.JUnitReportReporter -->
<testsuite hostname="DESKTOP-JJE516S" failures="0" tests="1" name="test_Case_4" time="4.836" errors="0" timestamp="2022-12-20T13:02:18 IST" skipped="0">
  <testcase classname="test_Case_4" name="test_Case" time="4.836"/>
  <system-out/>
</testsuite> <!-- test_Case_4 -->
