<?xml version="1.0" encoding="UTF-8"?>
<!-- Generated by org.testng.reporters.JUnitReportReporter -->
<testsuite hostname="DESKTOP-JJE516S" failures="0" tests="1" name="test_5th_Case" time="19.499" errors="0" timestamp="2022-12-20T13:02:18 IST" skipped="0">
  <testcase classname="test_5th_Case" name="test_case_5" time="19.499"/>
  <system-out/>
</testsuite> <!-- test_5th_Case -->
