<?xml version="1.0" encoding="UTF-8"?>
<!-- Generated by org.testng.reporters.JUnitReportReporter -->
<testsuite hostname="DESKTOP-JJE516S" failures="0" tests="1" name="caseFile" time="6.955" errors="0" timestamp="2022-12-20T13:02:18 IST" skipped="0">
  <testcase classname="caseFile" name="test_case" time="6.955"/>
  <system-out/>
</testsuite> <!-- caseFile -->
